c:\users\sju42\documents\visual studio 2017\projects\네트워크게임프로그래밍_게임\네트워크게임프로그래밍_게임\x64\release\네트워크게임프로그래밍_게임.pch
c:\users\sju42\documents\visual studio 2017\projects\네트워크게임프로그래밍_게임\네트워크게임프로그래밍_게임\x64\release\vc141.pdb
c:\users\sju42\documents\visual studio 2017\projects\네트워크게임프로그래밍_게임\네트워크게임프로그래밍_게임\x64\release\stdafx.obj
c:\users\sju42\documents\visual studio 2017\projects\네트워크게임프로그래밍_게임\네트워크게임프로그래밍_게임\x64\release\네트워크게임프로그래밍_게임.obj
c:\users\sju42\documents\visual studio 2017\projects\네트워크게임프로그래밍_게임\네트워크게임프로그래밍_게임\x64\release\scene.obj
c:\users\sju42\documents\visual studio 2017\projects\네트워크게임프로그래밍_게임\네트워크게임프로그래밍_게임\x64\release\framework.obj
c:\users\sju42\documents\visual studio 2017\projects\네트워크게임프로그래밍_게임\네트워크게임프로그래밍_게임\x64\release\object.obj
c:\users\sju42\documents\2017_ngp\네트워크게임프로그래밍_게임\x64\release\네트워크게임프로그래밍_게임.pch
c:\users\sju42\documents\2017_ngp\네트워크게임프로그래밍_게임\x64\release\vc141.pdb
c:\users\sju42\documents\2017_ngp\네트워크게임프로그래밍_게임\x64\release\stdafx.obj
c:\users\sju42\documents\2017_ngp\네트워크게임프로그래밍_게임\x64\release\네트워크게임프로그래밍_게임.obj
c:\users\sju42\documents\2017_ngp\네트워크게임프로그래밍_게임\x64\release\scene.obj
c:\users\sju42\documents\2017_ngp\네트워크게임프로그래밍_게임\x64\release\object.obj
c:\users\sju42\documents\2017_ngp\네트워크게임프로그래밍_게임\x64\release\framework.obj
c:\users\sju42\documents\2017_ngp\x64\release\네트워크게임프로그래밍_게임.exe
c:\users\sju42\documents\2017_ngp\x64\release\네트워크게임프로그래밍_게임.pdb
c:\users\sju42\documents\2017_ngp\x64\release\네트워크게임프로그래밍_게임.ipdb
c:\users\sju42\documents\2017_ngp\x64\release\네트워크게임프로그래밍_게임.iobj
c:\users\sju42\documents\2017_ngp\네트워크게임프로그래밍_게임\x64\release\네트워크게임프로그래밍_게임.tlog\cl.command.1.tlog
c:\users\sju42\documents\2017_ngp\네트워크게임프로그래밍_게임\x64\release\네트워크게임프로그래밍_게임.tlog\cl.read.1.tlog
c:\users\sju42\documents\2017_ngp\네트워크게임프로그래밍_게임\x64\release\네트워크게임프로그래밍_게임.tlog\cl.write.1.tlog
c:\users\sju42\documents\2017_ngp\네트워크게임프로그래밍_게임\x64\release\네트워크게임프로그래밍_게임.tlog\link.command.1.tlog
c:\users\sju42\documents\2017_ngp\네트워크게임프로그래밍_게임\x64\release\네트워크게임프로그래밍_게임.tlog\link.read.1.tlog
c:\users\sju42\documents\2017_ngp\네트워크게임프로그래밍_게임\x64\release\네트워크게임프로그래밍_게임.tlog\link.write.1.tlog
c:\users\sju42\documents\2017_ngp\네트워크게임프로그래밍_게임\x64\release\네트워크게임프로그래밍_게임.tlog\네트워크게임프로그래밍_게임.write.1u.tlog
